<?xml version="1.0" encoding="UTF-8"?>
<!-- Generated by org.testng.reporters.JUnitReportReporter -->
<testsuite hostname="LAPTOP-D6R6RMOK" failures="0" tests="5" name="testscenario.Loginactions" time="1.116" errors="0" timestamp="2022-11-13T15:58:21 GST" skipped="0">
  <testcase classname="testscenario.Loginactions" name="invalidCredentials" time="0.313"/>
  <system-out/>
  <testcase classname="testscenario.Loginactions" name="loginValidunameInvalidpwd" time="0.191"/>
  <system-out/>
  <testcase classname="testscenario.Loginactions" name="loginInvalidusernameValidpwd" time="0.198"/>
  <system-out/>
  <testcase classname="testscenario.Loginactions" name="loginValidusernameValidpwd" time="0.239"/>
  <system-out/>
  <testcase classname="testscenario.Loginactions" name="addingToCart" time="0.175"/>
  <system-out/>
</testsuite> <!-- testscenario.Loginactions -->
